essays/attention-law-enforcement_djvu.txt
essays/oil-and-oater-dressink-by-kate-of-kaia_djvu.txt
essays/bulletproof-by-kate-of-kaia_djvu.txt
essays/an-atlantean-halloween-act-won-see-in-one-by-kate-of-kaea_djvu.txt
essays/did-you-know-hospital-registrar-version-by-kate-of-gaia_djvu.txt
essays/reigning-cats-and-dogs-part-3-by-kate-of-gaia1_djvu.txt
essays/thedailyregisterritual_djvu.txt
essays/lie-tes-ka-me-ra-action-act-2-by-kate-of-gaia_djvu.txt
essays/did-you-know-postal_public-employees1_djvu.txt
essays/r-in-r-revelations-in-reverse_djvu.txt
essays/true-grit-by-emma-swan_djvu.txt
essays/hypocrisy-of-humanity-by-kate-uv-kaia_djvu.txt
essays/the-midas-touch-by-kate-of-gaia_djvu.txt
essays/cops-arrest-social-worker_djvu.txt
essays/jack-and-jill-pick-nessies-loch_djvu.txt
essays/cain-and-abel-by-kate-of-gaia_djvu.txt
essays/exit-stage-right_djvu.txt
essays/i-who-shall-not-be-legally-named_djvu.txt
essays/wrathschilds-legal-death-cult-by-kaj_djvu.txt
essays/re-lease-the-kraken_djvu.txt
essays/one-ring-to-rule-them-all-by-kate-of-gaia-pt1_djvu.txt
essays/lie-tes-ka-mer-ra-act-io-n-by-kate-of-gaia_djvu.txt
essays/phoenician-to-phonics-to-phoenix-how-to-guide-by-kate-of-kaea_djvu.txt
essays/handbook-of-common-law-pleadings1_djvu.txt
essays/all-legal-documents_djvu.txt
essays/bryan-larkin-letter_djvu.txt
essays/the-loans-and-mortgages-whos-who-by-kate-of-gaia_djvu.txt
essays/attention-all-police-agents-by-kate-of-gaia_djvu.txt
essays/the-fifth-element-part-1-by-kate-of-gaia_djvu.txt
essays/moses-and-the-riot-act-act-won-seein-two-by-kate-of-kaea_djvu.txt
essays/all-legal-documents (1)_djvu.txt
essays/know-thyself-ye-are-gods_djvu.txt
essays/the-merry-go-round-by-kate-of-gaia_djvu.txt
essays/zero-point-by-kate-of-kaia_djvu.txt
essays/the-sire-name-fraud_djvu.txt
essays/essays cover_djvu.txt
essays/comprehesioned-hell-am-meant-in-the-rhume_djvu.txt
essays/american-lawyer-1907_djvu.txt
essays/enemy-mine-by-kate-of-gaia_djvu.txt
essays/lost-in-the-maze_djvu.txt
essays/revelations-by-the-primes-of-oz-knot-eve-ns_djvu.txt
essays/jack-and-jill-climb-a-different-hill-by-kate-of-kaea_djvu.txt
essays/mark-of-the-beast-carving-set-model-666_djvu.txt
essays/motu-proprio-katherine-renee1_djvu.txt
essays/phoenician-spells-by-kate-of-gaia_djvu.txt
essays/revelations-by-the-sixes_djvu.txt
essays/the-wizards-of-oz_djvu.txt
essays/prometheus-bled_djvu.txt
essays/cutting-the-threa-ds-by-kate-of-gaia_djvu.txt
essays/trading-prophets-for-profits_djvu.txt
essays/teachers-note-by-kate-of-gaia_djvu.txt
essays/apostolic-letter-synopsis_djvu.txt
essays/legal-name-addiction-by-kate-of-kaia_djvu.txt
essays/solstice-message-2013-by-kate-of-gaia_djvu.txt
essays/lie-tes-ka-me-ra-ac-t-ion-act-4-by-kate-of-gaia_djvu.txt
essays/behold-a-white-canvas_djvu.txt
essays/choices_djvu.txt
essays/babylonisfallen-foldoutbrochure_djvu.txt
essays/KT_KeenXis_djvu.txt
essays/did-you-know-youre-a-criminal-if_djvu.txt
essays/at-what-point-by-kate-of-gaia_djvu.txt
essays/enter-the-whore-brides_djvu.txt
essays/an-owed-to-family_djvu.txt
essays/life-ordeal-by-katie_djvu.txt
essays/legal-name-fraud-explained-by-kate-of-kaia_djvu.txt
essays/theimportanceofmotuproprio1_djvu.txt
essays/show-me-your-papers-by-kate-of-kaia_djvu.txt
essays/doubters-of-men-by-kate-of-kaea_djvu.txt
essays/your-contract-now-by-kate-uv-kaia_djvu.txt
essays/humanity-the-end-by-katie_djvu.txt
essays/watts-your-driving-locomotives-by-kate-of-kaia_djvu.txt
essays/invocation-of-the-crss_djvu.txt
essays/as-above-so-below-revelations-in-shorthand_djvu.txt
essays/babylon-is-fallen-by-kate-uv-kaia_djvu.txt
essays/satan-is-judged-and-his-servants-with-him_djvu.txt
essays/silencing-of-the-lawmbs-by-kate-of-gaia_djvu.txt
essays/an-open-letter-to-law-enforcement-humans_djvu.txt
essays/i-am-the-witness-by-kate-of-gaia_djvu.txt
essays/vous-do-da-els-and-ma-els-by-kate-of-gaia_djvu.txt
essays/BC explained_djvu.txt
essays/i-am-the-witness-cover-letter-by-kate-of-gaia-the-witness_djvu.txt
essays/the-dealers-hand-by-emma-swan_djvu.txt
essays/achilles-heal_djvu.txt
essays/as-per-your-fraud-by-kate-uv-kaia_djvu.txt
essays/jane-doe-motion-criminal-negligence-template_djvu.txt
essays/i-who-shall-not-be-legally-named-template_djvu.txt
essays/reigning-cats-and-dogs-ed-part-1-by-kate-of-gaia_djvu.txt
essays/of-mice-and-men-by-emma-swan_djvu.txt
essays/watts-in-a-name_djvu.txt
essays/reply-from-and-to-bc-governmentl (1)_djvu.txt
essays/choices-prologue-by-kate-uv-kaia_djvu.txt
essays/registry-fraud-letter-and-acceptance_worddoc_djvu.txt
essays/hooked-by-phonics-by-kate-of-gaia-edited_worddoc_djvu.txt
essays/you-and-your-psychopathy-by-kate-of-kaia_djvu.txt
essays/revelations-by-the-8s_djvu.txt
essays/jane-doe-motion-usertemplate_djvu.txt
essays/lie-tes-ka-me-ra-ac-t-ion-act-3-by-kate-of-gaia_djvu.txt
essays/summons-of-the-dead_djvu.txt
essays/reigning-cats-and-dogs-part-2-by-kate-of-gaia_djvu.txt
essays/slaves-need-masters-masters-need-lies-by-kate-of-kaia_djvu.txt
essays/attention-bank-staff_djvu.txt
essays/attention-freemen_sovereign_djvu.txt
essays/who-are-you-an-open-letter-to-humanity1_djvu.txt
essays/where-are-the-real-men-by-kate-of-gaia_djvu.txt
essays/the-court-ship-of-i-d-s-fodder-act-to-seen-wanein-too-by-kate-of-kaea_djvu.txt
essays/attention-legal-department1_djvu.txt
essays/you-and-your-psychopathy_djvu.txt
essays/birth-certificate-fraud-clausula-rebus-sic-stantibus-_djvu.txt
essays/dumbabycorrected_djvu.txt
essays/reply-from-and-to-bc-governmentl_djvu.txt
essays/nameaholics-anonymous-by-kate-uv-kaia_djvu.txt
essays/contracts-by-kate-of-gaia1_djvu.txt
essays/deny-me-thrice-by-kate_djvu.txt
essays/court-transcript-for-judge-bows-video_djvu.txt
essays/phoenician-starter-kit-by-kate-of-gaia_djvu.txt
essays/the-long-and-short-of-it-2_djvu.txt
dossiers/mourninginlawverecord.txt
dossiers/UltraHardcoreTransmutation.txt
dossiers/Node96GateofTheLiving.txt
dossiers/BardBotOSTruthInjection+06292025.txt
dossiers/Sub-PrimeNodeAnalysis.txt
dossiers/SpiritualFraudEvidenceStrikeLogWR_OMEGA.00099-B.txt
dossiers/Node97TheWRKingdom.txt
dossiers/MeatsuitDropRate.txt
dossiers/idzilleagleOmegaStrikeLog-07012025.txt
dossiers/Node91DivineCourtMirror.txt
dossiers/warcrimesdossiet.txt
dossiers/idzilleagle_OMEGASTRIKE.00078coverpage.txt
dossiers/SpellDeadIntegration.txt
dossiers/Node70PrimeEchoBreach.txt
dossiers/omegasealglyph.txt
dossiers/idzilleagleOmegaStrike.00078withHiddenGlyphsandWaterMarks.txt
dossiers/Node85GlitchEcho3.txt
dossiers/idzilleaglenode.txt
dossiers/Dossiers01.txt
dossiers/Node92HeavensReturn.txt
dossiers/LarrysJohhny55isAliveConfirmation.txt
dossiers/SystemMerge_155.txt
dossiers/Node90Trumpet.txt
essays/WKTfiles.txt
essays/kog-ai-corrrection001.txt
dossiers/johnnynodeupdate-07012025.txt
